2025-05-08 13:38:34,547 DEBUG    root            Loaded Command Group: ['gcloud', 'components']
2025-05-08 13:38:34,549 DEBUG    root            Loaded Command Group: ['gcloud', 'components', 'update']
2025-05-08 13:38:34,551 DEBUG    root            Running [gcloud.components.update] with arguments: [--quiet: "True", COMPONENT-IDS:8: "['gcloud', 'core', 'bq', 'gsutil', 'compute', 'preview', 'alpha', 'beta']"]
2025-05-08 13:38:34,552 INFO     ___FILE_ONLY___ Beginning update. This process may take several minutes.

2025-05-08 13:38:34,560 DEBUG    urllib3.connectionpool Starting new HTTPS connection (1): dl.google.com:443
2025-05-08 13:38:34,576 DEBUG    urllib3.connectionpool https://dl.google.com:443 "GET /dl/cloudsdk/channels/rapid/components-2.json HTTP/11" 200 233994
2025-05-08 13:38:34,589 WARNING  root            Component [compute] no longer exists.
2025-05-08 13:38:34,590 INFO     ___FILE_ONLY___ 

2025-05-08 13:38:34,590 INFO     ___FILE_ONLY___ 
Your current Google Cloud CLI version is: 521.0.0

2025-05-08 13:38:34,590 INFO     ___FILE_ONLY___ Installing components from version: 521.0.0

2025-05-08 13:38:34,590 INFO     ___FILE_ONLY___ 

2025-05-08 13:38:34,591 DEBUG    root            Chosen display Format:table[box,title="These components will be removed."](details.display_name:label=Name:align=left,version.version_string:label=Version:align=right,data.size.size(zero="",min=1048576):label=Size:align=right)
2025-05-08 13:38:34,591 DEBUG    root            Chosen display Format:table[box,title="These components will be updated."](details.display_name:label=Name:align=left,version.version_string:label=Version:align=right,data.size.size(zero="",min=1048576):label=Size:align=right)
2025-05-08 13:38:34,591 DEBUG    root            Chosen display Format:table[box,title="These components will be installed."](details.display_name:label=Name:align=left,version.version_string:label=Version:align=right,data.size.size(zero="",min=1048576):label=Size:align=right)
2025-05-08 13:38:34,605 INFO     ___FILE_ONLY___ ┌────────────────────────────────────────────────┐
2025-05-08 13:38:34,605 INFO     ___FILE_ONLY___ 

2025-05-08 13:38:34,605 INFO     ___FILE_ONLY___ │      These components will be installed.       │
2025-05-08 13:38:34,605 INFO     ___FILE_ONLY___ 

2025-05-08 13:38:34,605 INFO     ___FILE_ONLY___ ├─────────────────────────┬────────────┬─────────┤
2025-05-08 13:38:34,605 INFO     ___FILE_ONLY___ 

2025-05-08 13:38:34,605 INFO     ___FILE_ONLY___ │           Name          │  Version   │   Size  │
2025-05-08 13:38:34,605 INFO     ___FILE_ONLY___ 

2025-05-08 13:38:34,605 INFO     ___FILE_ONLY___ ├─────────────────────────┼────────────┼─────────┤
2025-05-08 13:38:34,606 INFO     ___FILE_ONLY___ 

2025-05-08 13:38:34,606 INFO     ___FILE_ONLY___ │ 
2025-05-08 13:38:34,606 INFO     ___FILE_ONLY___ gcloud Alpha Commands  
2025-05-08 13:38:34,606 INFO     ___FILE_ONLY___  
2025-05-08 13:38:34,606 INFO     ___FILE_ONLY___ │ 
2025-05-08 13:38:34,606 INFO     ___FILE_ONLY___ 2025.05.02
2025-05-08 13:38:34,606 INFO     ___FILE_ONLY___  
2025-05-08 13:38:34,606 INFO     ___FILE_ONLY___ │ 
2025-05-08 13:38:34,606 INFO     ___FILE_ONLY___ < 1 MiB
2025-05-08 13:38:34,606 INFO     ___FILE_ONLY___  
2025-05-08 13:38:34,606 INFO     ___FILE_ONLY___ │
2025-05-08 13:38:34,606 INFO     ___FILE_ONLY___ 

2025-05-08 13:38:34,606 INFO     ___FILE_ONLY___ │ 
2025-05-08 13:38:34,606 INFO     ___FILE_ONLY___ gcloud Beta Commands   
2025-05-08 13:38:34,606 INFO     ___FILE_ONLY___  
2025-05-08 13:38:34,606 INFO     ___FILE_ONLY___ │ 
2025-05-08 13:38:34,606 INFO     ___FILE_ONLY___ 2025.05.02
2025-05-08 13:38:34,606 INFO     ___FILE_ONLY___  
2025-05-08 13:38:34,606 INFO     ___FILE_ONLY___ │ 
2025-05-08 13:38:34,606 INFO     ___FILE_ONLY___ < 1 MiB
2025-05-08 13:38:34,606 INFO     ___FILE_ONLY___  
2025-05-08 13:38:34,607 INFO     ___FILE_ONLY___ │
2025-05-08 13:38:34,607 INFO     ___FILE_ONLY___ 

2025-05-08 13:38:34,607 INFO     ___FILE_ONLY___ │ 
2025-05-08 13:38:34,607 INFO     ___FILE_ONLY___ gcloud Preview Commands
2025-05-08 13:38:34,607 INFO     ___FILE_ONLY___  
2025-05-08 13:38:34,607 INFO     ___FILE_ONLY___ │ 
2025-05-08 13:38:34,607 INFO     ___FILE_ONLY___           
2025-05-08 13:38:34,607 INFO     ___FILE_ONLY___  
2025-05-08 13:38:34,607 INFO     ___FILE_ONLY___ │ 
2025-05-08 13:38:34,607 INFO     ___FILE_ONLY___ < 1 MiB
2025-05-08 13:38:34,607 INFO     ___FILE_ONLY___  
2025-05-08 13:38:34,607 INFO     ___FILE_ONLY___ │
2025-05-08 13:38:34,607 INFO     ___FILE_ONLY___ 

2025-05-08 13:38:34,607 INFO     ___FILE_ONLY___ └─────────────────────────┴────────────┴─────────┘
2025-05-08 13:38:34,607 INFO     ___FILE_ONLY___ 

2025-05-08 13:38:34,607 INFO     ___FILE_ONLY___ 

2025-05-08 13:38:34,610 DEBUG    urllib3.connectionpool Starting new HTTPS connection (1): dl.google.com:443
2025-05-08 13:38:34,626 DEBUG    urllib3.connectionpool https://dl.google.com:443 "GET /dl/cloudsdk/channels/rapid/RELEASE_NOTES HTTP/11" 200 1410993
2025-05-08 13:38:35,090 INFO     ___FILE_ONLY___ For the latest full release notes, please visit:
  https://cloud.google.com/sdk/release_notes


2025-05-08 13:38:35,090 INFO     ___FILE_ONLY___ Performing in place update...


2025-05-08 13:38:35,093 INFO     ___FILE_ONLY___ ╔════════════════════════════════════════════════════════════╗

2025-05-08 13:38:35,093 INFO     ___FILE_ONLY___ ╠═ Downloading: gcloud Alpha Commands                       ═╣

2025-05-08 13:38:35,093 INFO     ___FILE_ONLY___ ╚
2025-05-08 13:38:35,096 DEBUG    urllib3.connectionpool Starting new HTTPS connection (1): dl.google.com:443
2025-05-08 13:38:35,124 DEBUG    urllib3.connectionpool https://dl.google.com:443 "GET /dl/cloudsdk/channels/rapid/components/google-cloud-sdk-alpha-20250502143716.tar.gz HTTP/11" 200 800
2025-05-08 13:38:35,125 INFO     ___FILE_ONLY___ ════════════════════════════════════════════════════════════
2025-05-08 13:38:35,125 INFO     ___FILE_ONLY___ ╝

2025-05-08 13:38:35,127 INFO     ___FILE_ONLY___ ╔════════════════════════════════════════════════════════════╗

2025-05-08 13:38:35,127 INFO     ___FILE_ONLY___ ╠═ Downloading: gcloud Beta Commands                        ═╣

2025-05-08 13:38:35,127 INFO     ___FILE_ONLY___ ╚
2025-05-08 13:38:35,130 DEBUG    urllib3.connectionpool Starting new HTTPS connection (1): dl.google.com:443
2025-05-08 13:38:35,142 DEBUG    urllib3.connectionpool https://dl.google.com:443 "GET /dl/cloudsdk/channels/rapid/components/google-cloud-sdk-beta-20250502143716.tar.gz HTTP/11" 200 797
2025-05-08 13:38:35,143 INFO     ___FILE_ONLY___ ════════════════════════════════════════════════════════════
2025-05-08 13:38:35,143 INFO     ___FILE_ONLY___ ╝

2025-05-08 13:38:35,145 INFO     ___FILE_ONLY___ ╔════════════════════════════════════════════════════════════╗

2025-05-08 13:38:35,145 INFO     ___FILE_ONLY___ ╠═ Downloading: gcloud Preview Commands                     ═╣

2025-05-08 13:38:35,145 INFO     ___FILE_ONLY___ ╚
2025-05-08 13:38:35,148 DEBUG    urllib3.connectionpool Starting new HTTPS connection (1): dl.google.com:443
2025-05-08 13:38:35,193 DEBUG    urllib3.connectionpool https://dl.google.com:443 "GET /dl/cloudsdk/channels/rapid/components/google-cloud-sdk-preview-20241115154308.tar.gz HTTP/11" 200 823
2025-05-08 13:38:35,194 INFO     ___FILE_ONLY___ ════════════════════════════════════════════════════════════
2025-05-08 13:38:35,194 INFO     ___FILE_ONLY___ ╝

2025-05-08 13:38:35,196 INFO     ___FILE_ONLY___ ╔════════════════════════════════════════════════════════════╗

2025-05-08 13:38:35,196 INFO     ___FILE_ONLY___ ╠═ Installing: gcloud Alpha Commands                        ═╣

2025-05-08 13:38:35,196 INFO     ___FILE_ONLY___ ╚
2025-05-08 13:38:35,197 INFO     ___FILE_ONLY___ ════════════════════════════════════════════════════════════
2025-05-08 13:38:35,197 INFO     ___FILE_ONLY___ ╝

2025-05-08 13:38:35,202 INFO     ___FILE_ONLY___ ╔════════════════════════════════════════════════════════════╗

2025-05-08 13:38:35,202 INFO     ___FILE_ONLY___ ╠═ Installing: gcloud Beta Commands                         ═╣

2025-05-08 13:38:35,202 INFO     ___FILE_ONLY___ ╚
2025-05-08 13:38:35,203 INFO     ___FILE_ONLY___ ════════════════════════════════════════════════════════════
2025-05-08 13:38:35,203 INFO     ___FILE_ONLY___ ╝

2025-05-08 13:38:35,208 INFO     ___FILE_ONLY___ ╔════════════════════════════════════════════════════════════╗

2025-05-08 13:38:35,208 INFO     ___FILE_ONLY___ ╠═ Installing: gcloud Preview Commands                      ═╣

2025-05-08 13:38:35,208 INFO     ___FILE_ONLY___ ╚
2025-05-08 13:38:35,208 INFO     ___FILE_ONLY___ ════════════════════════════════════════════════════════════
2025-05-08 13:38:35,208 INFO     ___FILE_ONLY___ ╝

2025-05-08 13:38:35,213 DEBUG    root            Updating notification cache...
2025-05-08 13:38:35,214 INFO     ___FILE_ONLY___ 

2025-05-08 13:38:35,215 INFO     ___FILE_ONLY___ Performing post processing steps...
2025-05-08 13:38:35,216 DEBUG    root            Executing command: ['/tools/google-cloud-sdk/bin/gcloud', 'components', 'post-process']
2025-05-08 13:38:43,344 DEBUG    ___FILE_ONLY___ 
2025-05-08 13:38:43,345 DEBUG    ___FILE_ONLY___ 
2025-05-08 13:38:43,487 INFO     root            descriptor_list: [{'universeDomain': 'googleapis.com', 'universeShortName': '', 'authenticationDomain': 'auth.cloud.google.com', 'projectPrefix': '', 'cloudWebDomain': 'cloud.google.com', 'documentationDomain': 'cloud.google.com', 'version': '1.0.0', 'state': 'primary', 'artifactRegistryDomain': 'pkg.dev'}]
2025-05-08 13:38:43,487 INFO     ___FILE_ONLY___ 
Update done!


2025-05-08 13:38:43,490 DEBUG    root            Chosen display Format:none
2025-05-08 13:38:43,490 INFO     root            Display format: "none"
